Watching for file changes with StatReloader
Waiting for apps ready_event.
Apps ready_event triggered. Sending autoreload_started signal.
Watching dir C:\Users\AlexZubkov\projects\mate-academy-projects\xblock_development\xblock-sdk\sample_xblocks\basic\templates with glob **/*.
Watching dir C:\Users\AlexZubkov\projects\mate-academy-projects\xblock_development\xblock-sdk\workbench\templates with glob **/*.
Watching dir C:\Users\AlexZubkov\projects\mate-academy-projects\xblock_development\locale with glob **/*.mo.
Watching dir C:\Users\AlexZubkov\projects\mate-academy-projects\xblock_development\venv\lib\site-packages\djpyfs\locale with glob **/*.mo.
Watching dir C:\Users\AlexZubkov\projects\mate-academy-projects\xblock_development\xblock-sdk\workbench\locale with glob **/*.mo.
(0.016) 
            SELECT name, type FROM sqlite_master
            WHERE type in ('table', 'view') AND NOT name='sqlite_sequence'
            ORDER BY name; args=None
(0.000) SELECT "django_migrations"."id", "django_migrations"."app", "django_migrations"."name", "django_migrations"."applied" FROM "django_migrations"; args=()
File C:\Users\AlexZubkov\projects\mate-academy-projects\xblock_development\venv\Lib\site-packages\django\core\cache\backends\filebased.py first seen with mtime 1672229347.410146
File C:\Users\AlexZubkov\projects\mate-academy-projects\xblock_development\venv\Lib\site-packages\markupsafe\__init__.py first seen with mtime 1672229318.0023808
File C:\Users\AlexZubkov\projects\mate-academy-projects\xblock_development\venv\Lib\site-packages\yaml\nodes.py first seen with mtime 1672229316.9548898
File C:\Users\AlexZubkov\projects\mate-academy-projects\xblock_development\venv\Lib\site-packages\django\template\exceptions.py first seen with mtime 1672229348.3326678
File C:\Users\AlexZubkov\projects\mate-academy-projects\xblock_development\venv\Lib\site-packages\django\core\mail\message.py first seen with mtime 1672229347.4882722
File C:\Users\AlexZubkov\projects\mate-academy-projects\xblock_development\venv\Lib\site-packages\django\templatetags\tz.py first seen with mtime 1672229348.4115076
File C:\Users\AlexZubkov\projects\mate-academy-projects\xblock_development\venv\Lib\site-packages\fs\opener\registry.py first seen with mtime 1672229327.2878773
File C:\Users\AlexZubkov\projects\mate-academy-projects\xblock_development\venv\Lib\site-packages\django\contrib\sites\shortcuts.py first seen with mtime 1672229346.1615722
File C:\Users\AlexZubkov\projects\mate-academy-projects\xblock_development\venv\Lib\site-packages\botocore\vendored\six.py first seen with mtime 1672229393.13665
File C:\Users\AlexZubkov\projects\mate-academy-projects\xblock_development\venv\Lib\site-packages\jmespath\visitor.py first seen with mtime 1672229320.0498955
File C:\Users\Александр\.pyenv\pyenv-win\versions\3.10.8\Lib\collections\__init__.py first seen with mtime 1665500304.0
File C:\Users\AlexZubkov\projects\mate-academy-projects\xblock_development\venv\Lib\site-packages\boto3\docs\service.py first seen with mtime 1672229399.7344525
File C:\Users\AlexZubkov\projects\mate-academy-projects\xblock_development\venv\Lib\site-packages\django\contrib\admin\views\autocomplete.py first seen with mtime 1672229336.7955894
File C:\Users\AlexZubkov\projects\mate-academy-projects\xblock_development\venv\Lib\site-packages\django\template\loaders\app_directories.py first seen with mtime 1672229348.3639164
File C:\Users\Александр\.pyenv\pyenv-win\versions\3.10.8\Lib\json\encoder.py first seen with mtime 1665500304.0
File C:\Users\AlexZubkov\projects\mate-academy-projects\xblock_development\venv\Lib\site-packages\botocore\tokens.py first seen with mtime 1672229373.2837317
File C:\Users\Александр\.pyenv\pyenv-win\versions\3.10.8\Lib\concurrent\futures\__init__.py first seen with mtime 1665500304.0
File C:\Users\AlexZubkov\projects\mate-academy-projects\xblock_development\venv\Lib\site-packages\sqlparse\filters\right_margin.py first seen with mtime 1672229314.954215
File C:\Users\AlexZubkov\projects\mate-academy-projects\xblock_development\venv\Lib\site-packages\sqlparse\__init__.py first seen with mtime 1672229314.9073453
File C:\Users\AlexZubkov\projects\mate-academy-projects\xblock_development\venv\Lib\site-packages\django\contrib\contenttypes\__init__.py first seen with mtime 1672229338.4469008
File C:\Users\AlexZubkov\projects\mate-academy-projects\xblock_development\venv\Lib\site-packages\django\template\loader_tags.py first seen with mtime 1672229348.3482916
File C:\Users\Александр\.pyenv\pyenv-win\versions\3.10.8\Lib\email\parser.py first seen with mtime 1665500304.0
File C:\Users\Александр\.pyenv\pyenv-win\versions\3.10.8\Lib\xml\etree\ElementTree.py first seen with mtime 1665500304.0
File C:\Users\AlexZubkov\projects\mate-academy-projects\xblock_development\venv\Lib\site-packages\botocore\hooks.py first seen with mtime 1672229373.2277398
File C:\Users\AlexZubkov\projects\mate-academy-projects\xblock_development\venv\Lib\site-packages\boto\gs\acl.py first seen with mtime 1672229302.83646
File C:\Users\Александр\.pyenv\pyenv-win\versions\3.10.8\Lib\http\cookies.py first seen with mtime 1665500304.0
File C:\Users\Александр\.pyenv\pyenv-win\versions\3.10.8\Lib\email\utils.py first seen with mtime 1665500304.0
File C:\Users\AlexZubkov\projects\mate-academy-projects\xblock_development\venv\Lib\site-packages\django\contrib\messages\apps.py first seen with mtime 1672229343.439753
File C:\Users\AlexZubkov\projects\mate-academy-projects\xblock_development\venv\Lib\site-packages\django\contrib\messages\constants.py first seen with mtime 1672229343.439753
File C:\Users\AlexZubkov\projects\mate-academy-projects\xblock_development\venv\Lib\site-packages\django\core\mail\__init__.py first seen with mtime 1672229347.4882722
File C:\Users\AlexZubkov\projects\mate-academy-projects\xblock_development\venv\Lib\site-packages\django\utils\lorem_ipsum.py first seen with mtime 1672229348.6398814
File C:\Users\AlexZubkov\projects\mate-academy-projects\xblock_development\venv\Lib\site-packages\botocore\vendored\requests\packages\__init__.py first seen with mtime 1672229393.1505058
File C:\Users\AlexZubkov\projects\mate-academy-projects\xblock_development\venv\Lib\site-packages\botocore\retries\base.py first seen with mtime 1672229393.0745122
File C:\Users\Александр\.pyenv\pyenv-win\versions\3.10.8\Lib\dis.py first seen with mtime 1665500304.0
File C:\Users\AlexZubkov\projects\mate-academy-projects\xblock_development\venv\Lib\site-packages\django\template\defaulttags.py first seen with mtime 1672229348.3326678
File C:\Users\Александр\.pyenv\pyenv-win\versions\3.10.8\Lib\encodings\cp1251.py first seen with mtime 1665500304.0
File C:\Users\Александр\.pyenv\pyenv-win\versions\3.10.8\Lib\uuid.py first seen with mtime 1665500304.0
File C:\Users\AlexZubkov\projects\mate-academy-projects\xblock_development\venv\Lib\site-packages\django\urls\utils.py first seen with mtime 1672229348.4740562
File C:\Users\AlexZubkov\projects\mate-academy-projects\xblock_development\venv\Lib\site-packages\django\contrib\sessions\__init__.py first seen with mtime 1672229344.9864044
File C:\Users\Александр\.pyenv\pyenv-win\versions\3.10.8\Lib\pathlib.py first seen with mtime 1665500304.0
File C:\Users\Александр\.pyenv\pyenv-win\versions\3.10.8\Lib\unittest\util.py first seen with mtime 1665500304.0
File C:\Users\AlexZubkov\projects\mate-academy-projects\xblock_development\venv\Lib\site-packages\django\templatetags\cache.py first seen with mtime 1672229348.4115076
File C:\Users\AlexZubkov\projects\mate-academy-projects\xblock_development\venv\Lib\site-packages\django\db\backends\base\introspection.py first seen with mtime 1672229347.6132944
File C:\Users\AlexZubkov\projects\mate-academy-projects\xblock_development\venv\Lib\site-packages\django\contrib\sessions\middleware.py first seen with mtime 1672229344.9964073
File C:\Users\AlexZubkov\projects\mate-academy-projects\xblock_development\venv\Lib\site-packages\django\core\files\locks.py first seen with mtime 1672229347.4726422
File C:\Users\Александр\.pyenv\pyenv-win\versions\3.10.8\Lib\importlib\_common.py first seen with mtime 1665500304.0
File C:\Users\AlexZubkov\projects\mate-academy-projects\xblock_development\venv\Lib\site-packages\django\contrib\staticfiles\urls.py first seen with mtime 1672229347.3632708
File C:\Users\AlexZubkov\projects\mate-academy-projects\xblock_development\venv\Lib\site-packages\boto\exception.py first seen with mtime 1672229302.445836
File C:\Users\Александр\.pyenv\pyenv-win\versions\3.10.8\Lib\json\scanner.py first seen with mtime 1665500304.0
File C:\Users\Александр\.pyenv\pyenv-win\versions\3.10.8\Lib\contextvars.py first seen with mtime 1665500304.0
File C:\Users\AlexZubkov\projects\mate-academy-projects\xblock_development\venv\Lib\site-packages\django\db\models\sql\query.py first seen with mtime 1672229347.832662
File C:\Users\AlexZubkov\projects\mate-academy-projects\xblock_development\venv\Lib\site-packages\urllib3\util\wait.py first seen with mtime 1672229313.8983626
File C:\Users\AlexZubkov\projects\mate-academy-projects\xblock_development\venv\Lib\site-packages\yaml\scanner.py first seen with mtime 1672229316.970515
File C:\Users\Александр\.pyenv\pyenv-win\versions\3.10.8\DLLs\_bz2.pyd first seen with mtime 1665500364.0
File C:\Users\AlexZubkov\projects\mate-academy-projects\xblock_development\venv\Lib\site-packages\django\views\generic\__init__.py first seen with mtime 1672229348.8293111
File C:\Users\AlexZubkov\projects\mate-academy-projects\xblock_development\venv\Lib\site-packages\django\db\models\functions\__init__.py first seen with mtime 1672229347.8170695
File C:\Users\AlexZubkov\projects\mate-academy-projects\xblock_development\venv\Lib\site-packages\django\utils\_os.py first seen with mtime 1672229348.4740562
File C:\Users\AlexZubkov\projects\mate-academy-projects\xblock_development\venv\Lib\site-packages\django\db\backends\ddl_references.py first seen with mtime 1672229347.597646
File C:\Users\AlexZubkov\projects\mate-academy-projects\xblock_development\venv\Lib\site-packages\django\db\models\utils.py first seen with mtime 1672229347.7857704
File C:\Users\AlexZubkov\projects\mate-academy-projects\xblock_development\venv\Lib\site-packages\jmespath\lexer.py first seen with mtime 1672229320.0342681
File C:\Users\AlexZubkov\projects\mate-academy-projects\xblock_development\venv\Lib\site-packages\botocore\compat.py first seen with mtime 1672229373.17073
File C:\Users\AlexZubkov\projects\mate-academy-projects\xblock_development\venv\Lib\site-packages\django\core\handlers\exception.py first seen with mtime 1672229347.4882722
File C:\Users\AlexZubkov\projects\mate-academy-projects\xblock_development\venv\Lib\site-packages\boto\plugin.py first seen with mtime 1672229302.445836
File C:\Users\AlexZubkov\projects\mate-academy-projects\xblock_development\venv\Lib\site-packages\django\db\models\sql\constants.py first seen with mtime 1672229347.832662
File C:\Users\AlexZubkov\projects\mate-academy-projects\xblock_development\venv\Lib\site-packages\asgiref\current_thread_executor.py first seen with mtime 1672229324.5677772
File C:\Users\AlexZubkov\projects\mate-academy-projects\xblock_development\venv\Lib\site-packages\botocore\handlers.py first seen with mtime 1672229373.2207284
File C:\Users\AlexZubkov\projects\mate-academy-projects\xblock_development\venv\Lib\site-packages\urllib3\util\connection.py first seen with mtime 1672229313.8671184
File C:\Users\AlexZubkov\projects\mate-academy-projects\xblock_development\venv\Lib\site-packages\boto3\resources\response.py first seen with mtime 1672229399.8125744
File C:\Users\AlexZubkov\projects\mate-academy-projects\xblock_development\venv\Lib\site-packages\djpyfs\models.py first seen with mtime 1672229401.0319352
File C:\Users\AlexZubkov\projects\mate-academy-projects\xblock_development\venv\Lib\site-packages\pytz\exceptions.py first seen with mtime 1672229299.4755735
File C:\Users\Александр\.pyenv\pyenv-win\versions\3.10.8\Lib\inspect.py first seen with mtime 1665500304.0
File C:\Users\AlexZubkov\projects\mate-academy-projects\xblock_development\venv\Lib\site-packages\botocore\retries\bucket.py first seen with mtime 1672229393.0765128
File C:\Users\AlexZubkov\projects\mate-academy-projects\xblock_development\venv\Lib\site-packages\django\utils\crypto.py first seen with mtime 1672229348.536556
File C:\Users\Александр\.pyenv\pyenv-win\versions\3.10.8\Lib\concurrent\__init__.py first seen with mtime 1665500304.0
File C:\Users\AlexZubkov\projects\mate-academy-projects\xblock_development\venv\Lib\site-packages\lxml\__init__.py first seen with mtime 1672229318.3623898
File C:\Users\AlexZubkov\projects\mate-academy-projects\xblock_development\venv\Lib\site-packages\boto\endpoints.py first seen with mtime 1672229302.4302142
File C:\Users\AlexZubkov\projects\mate-academy-projects\xblock_development\venv\Lib\site-packages\django\utils\decorators.py first seen with mtime 1672229348.5521302
File C:\Users\AlexZubkov\projects\mate-academy-projects\xblock_development\venv\Lib\site-packages\botocore\docs\params.py first seen with mtime 1672229393.028113
File C:\Users\AlexZubkov\projects\mate-academy-projects\xblock_development\venv\Lib\site-packages\django\db\models\fields\proxy.py first seen with mtime 1672229347.8014183
File C:\Users\Александр\.pyenv\pyenv-win\versions\3.10.8\Lib\selectors.py first seen with mtime 1665500304.0
File C:\Users\Александр\.pyenv\pyenv-win\versions\3.10.8\Lib\asyncio\base_events.py first seen with mtime 1665500304.0
File C:\Users\AlexZubkov\projects\mate-academy-projects\xblock_development\venv\Lib\site-packages\django\core\files\uploadedfile.py first seen with mtime 1672229347.4726422
File C:\Users\Александр\.pyenv\pyenv-win\versions\3.10.8\Lib\mimetypes.py first seen with mtime 1665500304.0
File C:\Users\AlexZubkov\projects\mate-academy-projects\xblock_development\venv\Lib\site-packages\boto3\docs\attr.py first seen with mtime 1672229399.7188292
File C:\Users\AlexZubkov\projects\mate-academy-projects\xblock_development\venv\Lib\site-packages\django\db\backends\sqlite3\operations.py first seen with mtime 1672229347.6913972
File C:\Users\AlexZubkov\projects\mate-academy-projects\xblock_development\venv\Lib\site-packages\pkg_resources\_vendor\pyparsing\util.py first seen with mtime 1672228620.9757853
File C:\Users\Александр\.pyenv\pyenv-win\versions\3.10.8\Lib\tokenize.py first seen with mtime 1665500304.0
File C:\Users\AlexZubkov\projects\mate-academy-projects\xblock_development\venv\Lib\site-packages\django\contrib\auth\__init__.py first seen with mtime 1672229337.550251
File C:\Users\Александр\.pyenv\pyenv-win\versions\3.10.8\Lib\lzma.py first seen with mtime 1665500304.0
File C:\Users\AlexZubkov\projects\mate-academy-projects\xblock_development\venv\Lib\site-packages\dateutil\tz\_factories.py first seen with mtime 1672229325.7240338
File C:\Users\Александр\.pyenv\pyenv-win\versions\3.10.8\Lib\heapq.py first seen with mtime 1665500304.0
File C:\Users\Александр\.pyenv\pyenv-win\versions\3.10.8\Lib\sre_parse.py first seen with mtime 1665500304.0
File C:\Users\Александр\.pyenv\pyenv-win\versions\3.10.8\Lib\struct.py first seen with mtime 1665500304.0
File C:\Users\AlexZubkov\projects\mate-academy-projects\xblock_development\venv\Lib\site-packages\botocore\docs\docstring.py first seen with mtime 1672229392.9540815
File C:\Users\AlexZubkov\projects\mate-academy-projects\xblock_development\venv\Lib\site-packages\django\contrib\auth\middleware.py first seen with mtime 1672229337.5772512
File C:\Users\AlexZubkov\projects\mate-academy-projects\xblock_development\venv\Lib\site-packages\fs\lrucache.py first seen with mtime 1672229327.2097552
File C:\Users\AlexZubkov\projects\mate-academy-projects\xblock_development\venv\Lib\site-packages\django\contrib\sessions\exceptions.py first seen with mtime 1672229344.9934068
File C:\Users\AlexZubkov\projects\mate-academy-projects\xblock_development\venv\Lib\site-packages\botocore\retries\__init__.py first seen with mtime 1672229393.0685172
File C:\Users\AlexZubkov\projects\mate-academy-projects\xblock_development\venv\Lib\site-packages\django\utils\itercompat.py first seen with mtime 1672229348.6268625
File C:\Users\AlexZubkov\projects\mate-academy-projects\xblock_development\venv\Lib\site-packages\botocore\docs\utils.py first seen with mtime 1672229393.051092
File C:\Users\Александр\.pyenv\pyenv-win\versions\3.10.8\DLLs\_ctypes.pyd first seen with mtime 1665500366.0
File C:\Users\AlexZubkov\projects\mate-academy-projects\xblock_development\venv\Lib\site-packages\django\db\migrations\__init__.py first seen with mtime 1672229347.707018
File C:\Users\Александр\.pyenv\pyenv-win\versions\3.10.8\Lib\base64.py first seen with mtime 1665500304.0
File C:\Users\AlexZubkov\projects\mate-academy-projects\xblock_development\venv\Lib\site-packages\django\db\backends\sqlite3\base.py first seen with mtime 1672229347.6913972
File C:\Users\Александр\.pyenv\pyenv-win\versions\3.10.8\Lib\asyncio\transports.py first seen with mtime 1665500304.0
File C:\Users\AlexZubkov\projects\mate-academy-projects\xblock_development\venv\Lib\site-packages\django\db\migrations\operations\utils.py first seen with mtime 1672229347.7382739
File C:\Users\AlexZubkov\projects\mate-academy-projects\xblock_development\venv\Lib\site-packages\pkg_resources\_vendor\packaging\_structures.py first seen with mtime 1672228620.9127898
File C:\Users\Александр\.pyenv\pyenv-win\versions\3.10.8\Lib\encodings\utf_8.py first seen with mtime 1665500304.0
File C:\Users\AlexZubkov\projects\mate-academy-projects\xblock_development\venv\Lib\site-packages\pkg_resources\_vendor\packaging\_musllinux.py first seen with mtime 1672228620.9107676
File C:\Users\AlexZubkov\projects\mate-academy-projects\xblock_development\venv\Lib\site-packages\django\utils\timezone.py first seen with mtime 1672229348.7351036
File C:\Users\AlexZubkov\projects\mate-academy-projects\xblock_development\venv\Lib\site-packages\django\contrib\staticfiles\apps.py first seen with mtime 1672229347.3476477
File C:\Users\Александр\.pyenv\pyenv-win\versions\3.10.8\Lib\datetime.py first seen with mtime 1665500304.0
File C:\Users\Александр\.pyenv\pyenv-win\versions\3.10.8\Lib\asyncio\log.py first seen with mtime 1665500304.0
File C:\Users\AlexZubkov\projects\mate-academy-projects\xblock_development\venv\Lib\site-packages\pkg_resources\_vendor\pyparsing\unicode.py first seen with mtime 1672228620.9737868
File C:\Users\AlexZubkov\projects\mate-academy-projects\xblock_development\venv\Lib\site-packages\xblock\reference\user_service.py first seen with mtime 1672229371.696
File C:\Users\AlexZubkov\projects\mate-academy-projects\xblock_development\venv\Lib\site-packages\django\urls\converters.py first seen with mtime 1672229348.4583802
File C:\Users\Александр\.pyenv\pyenv-win\versions\3.10.8\Lib\keyword.py first seen with mtime 1665500304.0
File C:\Users\AlexZubkov\projects\mate-academy-projects\xblock_development\venv\Lib\site-packages\django\contrib\auth\checks.py first seen with mtime 1672229337.5612507
File C:\Users\AlexZubkov\projects\mate-academy-projects\xblock_development\venv\Lib\site-packages\django\core\checks\security\base.py first seen with mtime 1672229347.4570398
File C:\Users\AlexZubkov\projects\mate-academy-projects\xblock_development\venv\Lib\site-packages\django\core\serializers\json.py first seen with mtime 1672229347.5820205
File C:\Users\AlexZubkov\projects\mate-academy-projects\xblock_development\venv\Lib\site-packages\boto3\resources\collection.py first seen with mtime 1672229399.7969577
File C:\Users\Александр\.pyenv\pyenv-win\versions\3.10.8\Lib\unittest\mock.py first seen with mtime 1665500304.0
File C:\Users\AlexZubkov\projects\mate-academy-projects\xblock_development\venv\Lib\site-packages\boto\s3\deletemarker.py first seen with mtime 1672229303.0708373
File C:\Users\AlexZubkov\projects\mate-academy-projects\xblock_development\venv\Lib\site-packages\asgiref\__init__.py first seen with mtime 1672229324.5677772
File C:\Users\Александр\.pyenv\pyenv-win\versions\3.10.8\Lib\asyncio\windows_utils.py first seen with mtime 1665500304.0
File C:\Users\AlexZubkov\projects\mate-academy-projects\xblock_development\venv\Lib\site-packages\django\contrib\admin\utils.py first seen with mtime 1672229335.3086522
File C:\Users\AlexZubkov\projects\mate-academy-projects\xblock_development\venv\Lib\site-packages\urllib3\connectionpool.py first seen with mtime 1672229313.8202474
File C:\Users\AlexZubkov\projects\mate-academy-projects\xblock_development\venv\Lib\site-packages\botocore\utils.py first seen with mtime 1672229373.2897263
File C:\Users\AlexZubkov\projects\mate-academy-projects\xblock_development\venv\Lib\site-packages\botocore\docs\example.py first seen with mtime 1672229392.9620798
File C:\Users\Александр\.pyenv\pyenv-win\versions\3.10.8\Lib\configparser.py first seen with mtime 1665500304.0
File C:\Users\AlexZubkov\projects\mate-academy-projects\xblock_development\venv\Lib\site-packages\urllib3\util\queue.py first seen with mtime 1672229313.8671184
File C:\Users\AlexZubkov\projects\mate-academy-projects\xblock_development\venv\Lib\site-packages\pkg_resources\_vendor\pyparsing\common.py first seen with mtime 1672228620.9397864
File C:\Users\AlexZubkov\projects\mate-academy-projects\xblock_development\venv\Lib\site-packages\yaml\emitter.py first seen with mtime 1672229316.9392664
File C:\Users\AlexZubkov\projects\mate-academy-projects\xblock_development\venv\Lib\site-packages\django\utils\translation\__init__.py first seen with mtime 1672229348.7640972
File C:\Users\Александр\.pyenv\pyenv-win\versions\3.10.8\Lib\email\policy.py first seen with mtime 1665500304.0
File C:\Users\Александр\.pyenv\pyenv-win\versions\3.10.8\Lib\quopri.py first seen with mtime 1665500304.0
File C:\Users\AlexZubkov\projects\mate-academy-projects\xblock_development\venv\Lib\site-packages\django\utils\__init__.py first seen with mtime 1672229348.4740562
File C:\Users\AlexZubkov\projects\mate-academy-projects\xblock_development\venv\Lib\site-packages\django\conf\locale\__init__.py first seen with mtime 1672229328.8673048
File C:\Users\AlexZubkov\projects\mate-academy-projects\xblock_development\venv\Lib\site-packages\boto\s3\lifecycle.py first seen with mtime 1672229303.0708373
File C:\Users\AlexZubkov\projects\mate-academy-projects\xblock_development\venv\Lib\site-packages\django\apps\config.py first seen with mtime 1672229328.8360436
File C:\Users\AlexZubkov\projects\mate-academy-projects\xblock_development\venv\Lib\site-packages\urllib3\util\retry.py first seen with mtime 1672229313.8827398
File C:\Users\Александр\.pyenv\pyenv-win\versions\3.10.8\Lib\glob.py first seen with mtime 1665500304.0
File C:\Users\Александр\.pyenv\pyenv-win\versions\3.10.8\Lib\_weakrefset.py first seen with mtime 1665500304.0
File C:\Users\AlexZubkov\projects\mate-academy-projects\xblock_development\venv\Lib\site-packages\django\contrib\__init__.py first seen with mtime 1672229335.247408
File C:\Users\AlexZubkov\projects\mate-academy-projects\xblock_development\venv\Lib\site-packages\urllib3\util\request.py first seen with mtime 1672229313.8827398
File C:\Users\AlexZubkov\projects\mate-academy-projects\xblock_development\venv\Lib\site-packages\xblock\django\__init__.py first seen with mtime 1672229371.6720126
File C:\Users\Александр\.pyenv\pyenv-win\versions\3.10.8\Lib\asyncio\staggered.py first seen with mtime 1665500304.0
File C:\Users\Александр\.pyenv\pyenv-win\versions\3.10.8\Lib\_collections_abc.py first seen with mtime 1665500304.0
File C:\Users\AlexZubkov\projects\mate-academy-projects\xblock_development\venv\Lib\site-packages\django\template\base.py first seen with mtime 1672229348.3170378
File C:\Users\Александр\.pyenv\pyenv-win\versions\3.10.8\Lib\imp.py first seen with mtime 1665500304.0
File C:\Users\AlexZubkov\projects\mate-academy-projects\xblock_development\venv\Lib\site-packages\colorama\initialise.py first seen with mtime 1672229321.3944366
File C:\Users\AlexZubkov\projects\mate-academy-projects\xblock_development\venv\Lib\site-packages\django\db\migrations\operations\fields.py first seen with mtime 1672229347.7226453
File C:\Users\AlexZubkov\projects\mate-academy-projects\xblock_development\venv\Lib\site-packages\six.py first seen with mtime 1672229315.6105163
File C:\Users\AlexZubkov\projects\mate-academy-projects\xblock_development\venv\Lib\site-packages\xblock\mixins.py first seen with mtime 1672229371.6510077
File C:\Users\AlexZubkov\projects\mate-academy-projects\xblock_development\venv\Lib\site-packages\xblock\runtime.py first seen with mtime 1672229371.6590042
File C:\Users\AlexZubkov\projects\mate-academy-projects\xblock_development\venv\Lib\site-packages\jmespath\functions.py first seen with mtime 1672229320.0342681
File C:\Users\AlexZubkov\projects\mate-academy-projects\xblock_development\venv\Lib\site-packages\boto3\docs\utils.py first seen with mtime 1672229399.7500775
File C:\Users\AlexZubkov\projects\mate-academy-projects\xblock_development\venv\Lib\site-packages\django\db\migrations\exceptions.py first seen with mtime 1672229347.707018
File C:\Users\AlexZubkov\projects\mate-academy-projects\xblock_development\venv\Lib\site-packages\fs_s3fs\__init__.py first seen with mtime 1672229400.7037973
File C:\Users\Александр\.pyenv\pyenv-win\versions\3.10.8\Lib\xml\etree\__init__.py first seen with mtime 1665500304.0
File C:\Users\AlexZubkov\projects\mate-academy-projects\xblock_development\venv\Lib\site-packages\django\contrib\auth\management\__init__.py first seen with mtime 1672229338.4016976
File C:\Users\Александр\.pyenv\pyenv-win\versions\3.10.8\Lib\asyncio\queues.py first seen with mtime 1665500304.0
File C:\Users\Александр\.pyenv\pyenv-win\versions\3.10.8\Lib\json\decoder.py first seen with mtime 1665500304.0
File C:\Users\Александр\.pyenv\pyenv-win\versions\3.10.8\Lib\importlib\machinery.py first seen with mtime 1665500304.0
File C:\Users\AlexZubkov\projects\mate-academy-projects\xblock_development\venv\Lib\site-packages\django\db\backends\utils.py first seen with mtime 1672229347.597646
File C:\Users\AlexZubkov\projects\mate-academy-projects\xblock_development\venv\Lib\site-packages\fs\path.py first seen with mtime 1672229327.2253847
File C:\Users\AlexZubkov\projects\mate-academy-projects\xblock_development\venv\Lib\site-packages\django\db\backends\sqlite3\__init__.py first seen with mtime 1672229347.6913972
File C:\Users\AlexZubkov\projects\mate-academy-projects\xblock_development\venv\Lib\site-packages\botocore\model.py first seen with mtime 1672229373.2397249
File C:\Users\Александр\.pyenv\pyenv-win\versions\3.10.8\Lib\weakref.py first seen with mtime 1665500304.0
File C:\Users\AlexZubkov\projects\mate-academy-projects\xblock_development\venv\Lib\site-packages\django\db\__init__.py first seen with mtime 1672229347.597646
File C:\Users\AlexZubkov\projects\mate-academy-projects\xblock_development\venv\Lib\site-packages\django\views\decorators\csrf.py first seen with mtime 1672229348.8163087
File C:\Users\AlexZubkov\projects\mate-academy-projects\xblock_development\venv\Lib\site-packages\django\utils\html.py first seen with mtime 1672229348.57323
File C:\Users\AlexZubkov\projects\mate-academy-projects\xblock_development\xblock-sdk\workbench\scenarios.py first seen with mtime 1672228721.538
File C:\Users\AlexZubkov\projects\mate-academy-projects\xblock_development\venv\Lib\site-packages\botocore\retries\throttling.py first seen with mtime 1672229393.1335113
File C:\Users\Александр\.pyenv\pyenv-win\versions\3.10.8\Lib\nturl2path.py first seen with mtime 1665500304.0
File C:\Users\Александр\.pyenv\pyenv-win\versions\3.10.8\Lib\xml\__init__.py first seen with mtime 1665500304.0
File C:\Users\AlexZubkov\projects\mate-academy-projects\xblock_development\venv\Lib\site-packages\botocore\retries\standard.py first seen with mtime 1672229393.131511
File C:\Users\AlexZubkov\projects\mate-academy-projects\xblock_development\venv\Lib\site-packages\botocore\discovery.py first seen with mtime 1672229373.201728
File C:\Users\AlexZubkov\projects\mate-academy-projects\xblock_development\venv\Lib\site-packages\webob\__init__.py first seen with mtime 1672229312.9140046
File C:\Users\AlexZubkov\projects\mate-academy-projects\xblock_development\venv\Lib\site-packages\django\core\checks\security\__init__.py first seen with mtime 1672229347.4413986
File C:\Users\AlexZubkov\projects\mate-academy-projects\xblock_development\venv\Lib\site-packages\django\utils\regex_helper.py first seen with mtime 1672229348.658998
File C:\Users\AlexZubkov\projects\mate-academy-projects\xblock_development\venv\Lib\site-packages\pkg_resources\extern\__init__.py first seen with mtime 1672228620.984783
File C:\Users\AlexZubkov\projects\mate-academy-projects\xblock_development\venv\Lib\site-packages\web_fragments\fragment.py first seen with mtime 1672229298.6630654
File C:\Users\AlexZubkov\projects\mate-academy-projects\xblock_development\venv\Lib\site-packages\django\views\decorators\common.py first seen with mtime 1672229348.8133097
File C:\Users\AlexZubkov\projects\mate-academy-projects\xblock_development\venv\Lib\site-packages\django\db\models\query.py first seen with mtime 1672229347.7857704
File C:\Users\AlexZubkov\projects\mate-academy-projects\xblock_development\venv\Lib\site-packages\django\db\models\constraints.py first seen with mtime 1672229347.7538927
File C:\Users\AlexZubkov\projects\mate-academy-projects\xblock_development\venv\Lib\site-packages\django\contrib\auth\password_validation.py first seen with mtime 1672229337.5852523
File C:\Users\AlexZubkov\projects\mate-academy-projects\xblock_development\venv\Lib\site-packages\django\forms\renderers.py first seen with mtime 1672229347.8639176
File C:\Users\AlexZubkov\projects\mate-academy-projects\xblock_development\venv\Lib\site-packages\asgiref\local.py first seen with mtime 1672229324.583406
File C:\Users\Александр\.pyenv\pyenv-win\versions\3.10.8\DLLs\select.pyd first seen with mtime 1665500366.0
File C:\Users\Александр\.pyenv\pyenv-win\versions\3.10.8\Lib\logging\config.py first seen with mtime 1665500304.0
File C:\Users\AlexZubkov\projects\mate-academy-projects\xblock_development\venv\Lib\site-packages\botocore\awsrequest.py first seen with mtime 1672229373.154736
File C:\Users\Александр\.pyenv\pyenv-win\versions\3.10.8\Lib\email\encoders.py first seen with mtime 1665500304.0
File C:\Users\AlexZubkov\projects\mate-academy-projects\xblock_development\venv\Lib\site-packages\boto\storage_uri.py first seen with mtime 1672229302.461461
File C:\Users\AlexZubkov\projects\mate-academy-projects\xblock_development\venv\Lib\site-packages\django\core\serializers\base.py first seen with mtime 1672229347.5820205
File C:\Users\AlexZubkov\projects\mate-academy-projects\xblock_development\venv\Lib\site-packages\yaml\__init__.py first seen with mtime 1672229316.92364
File C:\Users\AlexZubkov\projects\mate-academy-projects\xblock_development\venv\Lib\site-packages\pkg_resources\_vendor\jaraco\text\__init__.py first seen with mtime 1672228620.8909228
File C:\Users\Александр\.pyenv\pyenv-win\versions\3.10.8\Lib\unittest\result.py first seen with mtime 1665500304.0
File C:\Users\AlexZubkov\projects\mate-academy-projects\xblock_development\venv\Lib\site-packages\sqlparse\filters\tokens.py first seen with mtime 1672229314.954215
File C:\Users\Александр\.pyenv\pyenv-win\versions\3.10.8\Lib\socket.py first seen with mtime 1665500304.0
File C:\Users\AlexZubkov\projects\mate-academy-projects\xblock_development\venv\Lib\site-packages\boto\jsonresponse.py first seen with mtime 1672229302.445836
File C:\Users\AlexZubkov\projects\mate-academy-projects\xblock_development\venv\Lib\site-packages\django\db\models\constants.py first seen with mtime 1672229347.7538927
File C:\Users\Александр\.pyenv\pyenv-win\versions\3.10.8\Lib\numbers.py first seen with mtime 1665500304.0
File C:\Users\Александр\.pyenv\pyenv-win\versions\3.10.8\Lib\asyncio\protocols.py first seen with mtime 1665500304.0
File C:\Users\AlexZubkov\projects\mate-academy-projects\xblock_development\venv\Lib\site-packages\dateutil\tz\__init__.py first seen with mtime 1672229325.7084086
File C:\Users\AlexZubkov\projects\mate-academy-projects\xblock_development\venv\Lib\site-packages\boto3\compat.py first seen with mtime 1672229399.6563256
File C:\Users\AlexZubkov\projects\mate-academy-projects\xblock_development\venv\Lib\site-packages\django\core\handlers\wsgi.py first seen with mtime 1672229347.4882722
File C:\Users\AlexZubkov\projects\mate-academy-projects\xblock_development\venv\Lib\site-packages\django\db\models\indexes.py first seen with mtime 1672229347.7695525
File C:\Users\AlexZubkov\projects\mate-academy-projects\xblock_development\venv\Lib\site-packages\boto\s3\bucket.py first seen with mtime 1672229303.0552146
File C:\Users\Александр\.pyenv\pyenv-win\versions\3.10.8\Lib\xml\etree\cElementTree.py first seen with mtime 1665500304.0
File C:\Users\AlexZubkov\projects\mate-academy-projects\xblock_development\venv\Lib\site-packages\django\core\handlers\asgi.py first seen with mtime 1672229347.4726422
File C:\Users\AlexZubkov\projects\mate-academy-projects\xblock_development\venv\Lib\site-packages\urllib3\connection.py first seen with mtime 1672229313.8202474
File C:\Users\Александр\.pyenv\pyenv-win\versions\3.10.8\Lib\email\generator.py first seen with mtime 1665500304.0
File C:\Users\Александр\.pyenv\pyenv-win\versions\3.10.8\DLLs\_ssl.pyd first seen with mtime 1665500364.0
File C:\Users\AlexZubkov\projects\mate-academy-projects\xblock_development\venv\Lib\site-packages\django\core\files\uploadhandler.py first seen with mtime 1672229347.4726422
File C:\Users\AlexZubkov\projects\mate-academy-projects\xblock_development\venv\Lib\site-packages\django\template\__init__.py first seen with mtime 1672229348.3014116
File C:\Users\Александр\.pyenv\pyenv-win\versions\3.10.8\Lib\plistlib.py first seen with mtime 1665500304.0
File C:\Users\AlexZubkov\projects\mate-academy-projects\xblock_development\venv\Lib\site-packages\django\db\migrations\state.py first seen with mtime 1672229347.7226453
File C:\Users\AlexZubkov\projects\mate-academy-projects\xblock_development\venv\Lib\site-packages\django\dispatch\__init__.py first seen with mtime 1672229347.832662
File C:\Users\AlexZubkov\projects\mate-academy-projects\xblock_development\venv\Lib\site-packages\sqlparse\filters\reindent.py first seen with mtime 1672229314.954215
File C:\Users\AlexZubkov\projects\mate-academy-projects\xblock_development\venv\Lib\site-packages\botocore\serialize.py first seen with mtime 1672229373.2717233
File C:\Users\AlexZubkov\projects\mate-academy-projects\xblock_development\venv\Lib\site-packages\django\contrib\auth\hashers.py first seen with mtime 1672229337.5752501
File C:\Users\AlexZubkov\projects\mate-academy-projects\xblock_development\venv\Lib\site-packages\fs\copy.py first seen with mtime 1672229327.1941283
File C:\Users\Александр\.pyenv\pyenv-win\versions\3.10.8\Lib\os.py first seen with mtime 1665500304.0
File C:\Users\Александр\.pyenv\pyenv-win\versions\3.10.8\Lib\uu.py first seen with mtime 1665500304.0
File C:\Users\AlexZubkov\projects\mate-academy-projects\xblock_development\venv\Lib\site-packages\django\contrib\staticfiles\management\commands\runserver.py first seen with mtime 1672229347.3788953
File C:\Users\AlexZubkov\projects\mate-academy-projects\xblock_development\venv\Lib\site-packages\django\db\models\functions\math.py first seen with mtime 1672229347.8170695
File C:\Users\AlexZubkov\projects\mate-academy-projects\xblock_development\venv\Lib\site-packages\django\views\generic\detail.py first seen with mtime 1672229348.836308
File C:\Users\AlexZubkov\projects\mate-academy-projects\xblock_development\venv\Lib\site-packages\django\db\models\fields\__init__.py first seen with mtime 1672229347.7857704
File C:\Users\AlexZubkov\projects\mate-academy-projects\xblock_development\venv\Lib\site-packages\django\contrib\messages\storage\__init__.py first seen with mtime 1672229343.45538
File C:\Users\AlexZubkov\projects\mate-academy-projects\xblock_development\venv\Lib\site-packages\yaml\serializer.py first seen with mtime 1672229316.970515
File C:\Users\AlexZubkov\projects\mate-academy-projects\xblock_development\venv\Lib\site-packages\django\contrib\admin\views\main.py first seen with mtime 1672229336.7955894
File C:\Users\Александр\.pyenv\pyenv-win\versions\3.10.8\Lib\importlib\abc.py first seen with mtime 1665500304.0
File C:\Users\Александр\.pyenv\pyenv-win\versions\3.10.8\DLLs\_lzma.pyd first seen with mtime 1665500366.0
File C:\Users\AlexZubkov\projects\mate-academy-projects\xblock_development\venv\Lib\site-packages\djpyfs\djpyfs.py first seen with mtime 1672229401.0163145
File C:\Users\AlexZubkov\projects\mate-academy-projects\xblock_development\venv\Lib\site-packages\pytz\tzfile.py first seen with mtime 1672229299.4912148
File C:\Users\AlexZubkov\projects\mate-academy-projects\xblock_development\venv\Lib\site-packages\django\db\models\sql\datastructures.py first seen with mtime 1672229347.832662
File C:\Users\AlexZubkov\projects\mate-academy-projects\xblock_development\venv\Lib\site-packages\django\db\migrations\recorder.py first seen with mtime 1672229347.7226453
File C:\Users\AlexZubkov\projects\mate-academy-projects\xblock_development\venv\Lib\site-packages\django\utils\numberformat.py first seen with mtime 1672229348.654963
File C:\Users\AlexZubkov\projects\mate-academy-projects\xblock_development\venv\Lib\site-packages\django\utils\autoreload.py first seen with mtime 1672229348.4896362
File C:\Users\AlexZubkov\projects\mate-academy-projects\xblock_development\venv\Lib\site-packages\webob\multidict.py first seen with mtime 1672229312.9452367
File C:\Users\AlexZubkov\projects\mate-academy-projects\xblock_development\venv\Lib\site-packages\django\utils\deconstruct.py first seen with mtime 1672229348.5521302
File C:\Users\AlexZubkov\projects\mate-academy-projects\xblock_development\venv\Lib\site-packages\jmespath\__init__.py first seen with mtime 1672229320.0342681
File C:\Users\AlexZubkov\projects\mate-academy-projects\xblock_development\venv\Lib\site-packages\dateutil\__init__.py first seen with mtime 1672229325.6615746
File C:\Users\Александр\.pyenv\pyenv-win\versions\3.10.8\Lib\xml\sax\_exceptions.py first seen with mtime 1665500304.0
File C:\Users\AlexZubkov\projects\mate-academy-projects\xblock_development\venv\Lib\site-packages\django\contrib\staticfiles\views.py first seen with mtime 1672229347.3632708
File C:\Users\AlexZubkov\projects\mate-academy-projects\xblock_development\venv\Lib\site-packages\django\utils\asyncio.py first seen with mtime 1672229348.4896362
File C:\Users\AlexZubkov\projects\mate-academy-projects\xblock_development\venv\Lib\site-packages\fs\_fscompat.py first seen with mtime 1672229327.162875
File C:\Users\AlexZubkov\projects\mate-academy-projects\xblock_development\venv\Lib\site-packages\fs\glob.py first seen with mtime 1672229327.2097552
File C:\Users\AlexZubkov\projects\mate-academy-projects\xblock_development\venv\Lib\site-packages\django\core\management\commands\runserver.py first seen with mtime 1672229347.550799
File C:\Users\Александр\.pyenv\pyenv-win\versions\3.10.8\Lib\html\entities.py first seen with mtime 1665500304.0
File C:\Users\AlexZubkov\projects\mate-academy-projects\xblock_development\venv\Lib\site-packages\django\utils\datetime_safe.py first seen with mtime 1672229348.5521302
File C:\Users\Александр\.pyenv\pyenv-win\versions\3.10.8\Lib\asyncio\subprocess.py first seen with mtime 1665500304.0
File C:\Users\AlexZubkov\projects\mate-academy-projects\xblock_development\venv\Lib\site-packages\django\contrib\contenttypes\models.py first seen with mtime 1672229338.493787
File C:\Users\Александр\.pyenv\pyenv-win\versions\3.10.8\Lib\asyncio\streams.py first seen with mtime 1665500304.0
File C:\Users\AlexZubkov\projects\mate-academy-projects\xblock_development\venv\Lib\site-packages\django\core\servers\basehttp.py first seen with mtime 1672229347.5820205
File C:\Users\AlexZubkov\projects\mate-academy-projects\xblock_development\venv\Lib\site-packages\django\views\debug.py first seen with mtime 1672229348.7973113
File C:\Users\Александр\.pyenv\pyenv-win\versions\3.10.8\Lib\email\feedparser.py first seen with mtime 1665500304.0
File C:\Users\Александр\.pyenv\pyenv-win\versions\3.10.8\Lib\unittest\__init__.py first seen with mtime 1665500304.0
File C:\Users\AlexZubkov\projects\mate-academy-projects\xblock_development\venv\Lib\site-packages\boto\s3\user.py first seen with mtime 1672229303.0864625
File C:\Users\Александр\.pyenv\pyenv-win\versions\3.10.8\Lib\calendar.py first seen with mtime 1665500304.0
File C:\Users\AlexZubkov\projects\mate-academy-projects\xblock_development\venv\Lib\site-packages\django\__init__.py first seen with mtime 1672229328.695418
File C:\Users\AlexZubkov\projects\mate-academy-projects\xblock_development\venv\Lib\site-packages\fs\wrapfs.py first seen with mtime 1672229327.2566295
File C:\Users\AlexZubkov\projects\mate-academy-projects\xblock_development\venv\Lib\site-packages\django\core\signals.py first seen with mtime 1672229347.3945217
File C:\Users\Александр\.pyenv\pyenv-win\versions\3.10.8\Lib\encodings\__init__.py first seen with mtime 1665500304.0
File C:\Users\Александр\.pyenv\pyenv-win\versions\3.10.8\Lib\asyncio\base_futures.py first seen with mtime 1665500304.0
File C:\Users\Александр\.pyenv\pyenv-win\versions\3.10.8\Lib\ipaddress.py first seen with mtime 1665500304.0
File C:\Users\AlexZubkov\projects\mate-academy-projects\xblock_development\venv\Lib\site-packages\django\core\serializers\__init__.py first seen with mtime 1672229347.5820205
File C:\Users\Александр\.pyenv\pyenv-win\versions\3.10.8\Lib\subprocess.py first seen with mtime 1665500304.0
File C:\Users\Александр\.pyenv\pyenv-win\versions\3.10.8\Lib\urllib\parse.py first seen with mtime 1665500304.0
File C:\Users\AlexZubkov\projects\mate-academy-projects\xblock_development\venv\Lib\site-packages\django\db\backends\sqlite3\features.py first seen with mtime 1672229347.6913972
File C:\Users\AlexZubkov\projects\mate-academy-projects\xblock_development\venv\Lib\site-packages\django\contrib\auth\base_user.py first seen with mtime 1672229337.5582511
File C:\Users\AlexZubkov\projects\mate-academy-projects\xblock_development\venv\Lib\site-packages\django\core\files\images.py first seen with mtime 1672229347.4726422
File C:\Users\AlexZubkov\projects\mate-academy-projects\xblock_development\venv\Lib\site-packages\boto3\utils.py first seen with mtime 1672229399.6719527
File C:\Users\AlexZubkov\projects\mate-academy-projects\xblock_development\venv\Lib\site-packages\django\contrib\contenttypes\apps.py first seen with mtime 1672229338.4469008
File C:\Users\AlexZubkov\projects\mate-academy-projects\xblock_development\venv\Lib\site-packages\django\forms\boundfield.py first seen with mtime 1672229347.8482893
File C:\Users\Александр\.pyenv\pyenv-win\versions\3.10.8\Lib\asyncio\coroutines.py first seen with mtime 1665500304.0
File C:\Users\AlexZubkov\projects\mate-academy-projects\xblock_development\venv\Lib\site-packages\django\contrib\admin\decorators.py first seen with mtime 1672229335.2824082
File C:\Users\AlexZubkov\projects\mate-academy-projects\xblock_development\venv\Lib\site-packages\botocore\docs\bcdoc\docstringparser.py first seen with mtime 1672229393.059514
File C:\Users\AlexZubkov\projects\mate-academy-projects\xblock_development\venv\Lib\site-packages\django\http\__init__.py first seen with mtime 1672229348.2545402
File C:\Users\AlexZubkov\projects\mate-academy-projects\xblock_development\venv\Lib\site-packages\django\core\checks\security\csrf.py first seen with mtime 1672229347.4570398
File C:\Users\AlexZubkov\projects\mate-academy-projects\xblock_development\venv\Lib\site-packages\urllib3\filepost.py first seen with mtime 1672229313.8358703
File C:\Users\AlexZubkov\projects\mate-academy-projects\xblock_development\venv\Lib\site-packages\botocore\retries\adaptive.py first seen with mtime 1672229393.0715127
File C:\Users\AlexZubkov\projects\mate-academy-projects\xblock_development\venv\Lib\site-packages\django\core\cache\backends\locmem.py first seen with mtime 1672229347.4257705
File C:\Users\AlexZubkov\projects\mate-academy-projects\xblock_development\venv\Lib\site-packages\django\middleware\cache.py first seen with mtime 1672229348.2701762
File C:\Users\AlexZubkov\projects\mate-academy-projects\xblock_development\venv\Lib\site-packages\django\utils\hashable.py first seen with mtime 1672229348.57123
File C:\Users\Александр\.pyenv\pyenv-win\versions\3.10.8\Lib\sysconfig.py first seen with mtime 1665500304.0
File C:\Users\AlexZubkov\projects\mate-academy-projects\xblock_development\venv\Lib\site-packages\pytz\__init__.py first seen with mtime 1672229299.4755735
File C:\Users\AlexZubkov\projects\mate-academy-projects\xblock_development\venv\Lib\site-packages\colorama\__init__.py first seen with mtime 1672229321.3788095
File C:\Users\AlexZubkov\projects\mate-academy-projects\xblock_development\venv\Lib\site-packages\django\http\multipartparser.py first seen with mtime 1672229348.2701762
File C:\Users\AlexZubkov\projects\mate-academy-projects\xblock_development\venv\Lib\site-packages\botocore\history.py first seen with mtime 1672229373.224726
File C:\Users\Александр\.pyenv\pyenv-win\versions\3.10.8\Lib\wsgiref\util.py first seen with mtime 1665500304.0
File C:\Users\Александр\.pyenv\pyenv-win\versions\3.10.8\Lib\shutil.py first seen with mtime 1665500304.0
File C:\Users\AlexZubkov\projects\mate-academy-projects\xblock_development\venv\Lib\site-packages\django\db\backends\signals.py first seen with mtime 1672229347.597646
File C:\Users\Александр\.pyenv\pyenv-win\versions\3.10.8\Lib\genericpath.py first seen with mtime 1665500304.0
File C:\Users\AlexZubkov\projects\mate-academy-projects\xblock_development\venv\Lib\site-packages\pkg_resources\_vendor\packaging\_manylinux.py first seen with mtime 1672228620.9059248
File C:\Users\Александр\.pyenv\pyenv-win\versions\3.10.8\Lib\sqlite3\dbapi2.py first seen with mtime 1665500304.0
File C:\Users\Александр\.pyenv\pyenv-win\versions\3.10.8\Lib\email\charset.py first seen with mtime 1665500304.0
File C:\Users\AlexZubkov\projects\mate-academy-projects\xblock_development\venv\Lib\site-packages\django\utils\cache.py first seen with mtime 1672229348.536556
File C:\Users\AlexZubkov\projects\mate-academy-projects\xblock_development\venv\Lib\site-packages\sqlparse\tokens.py first seen with mtime 1672229314.938596
File C:\Users\AlexZubkov\projects\mate-academy-projects\xblock_development\venv\Lib\site-packages\fs\osfs.py first seen with mtime 1672229327.2253847
File C:\Users\AlexZubkov\projects\mate-academy-projects\xblock_development\venv\Lib\site-packages\django\db\backends\sqlite3\client.py first seen with mtime 1672229347.6913972
File C:\Users\AlexZubkov\projects\mate-academy-projects\xblock_development\venv\Lib\site-packages\botocore\translate.py first seen with mtime 1672229373.2867362
File C:\Users\Александр\.pyenv\pyenv-win\versions\3.10.8\Lib\asyncio\runners.py first seen with mtime 1665500304.0
File C:\Users\AlexZubkov\projects\mate-academy-projects\xblock_development\venv\Lib\site-packages\botocore\retries\special.py first seen with mtime 1672229393.080512
File C:\Users\Александр\.pyenv\pyenv-win\versions\3.10.8\Lib\decimal.py first seen with mtime 1665500304.0
File C:\Users\AlexZubkov\projects\mate-academy-projects\xblock_development\venv\Lib\site-packages\webob\etag.py first seen with mtime 1672229312.9452367
File C:\Users\AlexZubkov\projects\mate-academy-projects\xblock_development\venv\Lib\site-packages\markupsafe\_speedups.cp310-win_amd64.pyd first seen with mtime 1672229318.0336409
File C:\Users\AlexZubkov\projects\mate-academy-projects\xblock_development\venv\Lib\site-packages\django\core\checks\urls.py first seen with mtime 1672229347.4413986
File C:\Users\AlexZubkov\projects\mate-academy-projects\xblock_development\venv\Lib\site-packages\django\db\backends\sqlite3\creation.py first seen with mtime 1672229347.6913972
File C:\Users\AlexZubkov\projects\mate-academy-projects\xblock_development\venv\Lib\site-packages\django\core\files\storage.py first seen with mtime 1672229347.4726422
File C:\Users\AlexZubkov\projects\mate-academy-projects\xblock_development\venv\Lib\site-packages\fs\enums.py first seen with mtime 1672229327.1941283
File C:\Users\AlexZubkov\projects\mate-academy-projects\xblock_development\venv\Lib\site-packages\yaml\loader.py first seen with mtime 1672229316.9548898
File C:\Users\AlexZubkov\projects\mate-academy-projects\xblock_development\venv\Lib\site-packages\yaml\resolver.py first seen with mtime 1672229316.970515
File C:\Users\AlexZubkov\projects\mate-academy-projects\xblock_development\venv\Lib\site-packages\fs\error_tools.py first seen with mtime 1672229327.1941283
File C:\Users\Александр\.pyenv\pyenv-win\versions\3.10.8\Lib\xml\sax\xmlreader.py first seen with mtime 1665500304.0
File C:\Users\AlexZubkov\projects\mate-academy-projects\xblock_development\venv\Lib\site-packages\boto\cacerts\__init__.py first seen with mtime 1672229302.477094
File C:\Users\AlexZubkov\projects\mate-academy-projects\xblock_development\venv\Lib\site-packages\django\views\generic\edit.py first seen with mtime 1672229348.8393147
File C:\Users\Александр\.pyenv\pyenv-win\versions\3.10.8\Lib\urllib\request.py first seen with mtime 1665500304.0
File C:\Users\AlexZubkov\projects\mate-academy-projects\xblock_development\venv\Lib\site-packages\django\template\response.py first seen with mtime 1672229348.3482916
File C:\Users\Александр\.pyenv\pyenv-win\versions\3.10.8\Lib\importlib\resources.py first seen with mtime 1665500304.0
